[2023/05/11 13:45:34.115] - Starting server with initial configuration: {"gasLimit":6721975,"gasPrice":20000000000,"hardfork":"merge","hostname":"127.0.0.1","port":7545,"network_id":5777,"default_balance_ether":100,"total_accounts":10,"unlocked_accounts":[],"locked":false,"vmErrorsOnRPCResponse":true,"verbose":false,"flavor":"ethereum","db_path":"C:\\Users\\dani3\\AppData\\Roaming\\Ganache\\ui\\workspaces\\depressed-horn\\chaindata","mnemonic":"top bus drama shoulder build master apart arrange notice fancy truth ice","logDirectory":"C:\\Users\\dani3\\Dropbox\\utwente backup\\research\\programmatuur\\python\\stablecoin_end_to_end\\final_nn"}
[2023/05/11 13:45:34.242] - eth_subscribe
[2023/05/11 13:45:34.245] - eth_getLogs
[2023/05/11 13:45:34.247] - eth_subscribe
[2023/05/11 13:45:34.257] - eth_subscribe
[2023/05/11 13:45:34.258] - eth_getLogs
[2023/05/11 13:45:34.259] - eth_subscribe
[2023/05/11 13:45:34.296] - eth_blockNumber
[2023/05/11 13:45:34.297] - eth_accounts
[2023/05/11 13:45:34.298] - eth_gasPrice
[2023/05/11 13:45:34.299] - eth_getBlockByNumber
[2023/05/11 13:45:34.300] - eth_subscribe
[2023/05/11 13:45:34.303] - eth_blockNumber
[2023/05/11 13:45:34.304] - eth_accounts
[2023/05/11 13:45:34.304] - eth_gasPrice
[2023/05/11 13:45:34.305] - eth_getBlockByNumber
[2023/05/11 13:45:34.308] - eth_subscribe
[2023/05/11 13:45:34.314] - eth_accounts
[2023/05/11 13:45:34.355] - eth_getBalance
[2023/05/11 13:45:34.358] - eth_getTransactionCount
[2023/05/11 13:45:34.362] - eth_getBalance
[2023/05/11 13:45:34.365] - eth_getTransactionCount
[2023/05/11 13:45:34.369] - eth_getBalance
[2023/05/11 13:45:34.375] - eth_getTransactionCount
[2023/05/11 13:45:34.379] - eth_getBalance
[2023/05/11 13:45:34.382] - eth_getTransactionCount
[2023/05/11 13:45:34.387] - eth_getBalance
[2023/05/11 13:45:34.392] - eth_getTransactionCount
[2023/05/11 13:45:34.398] - eth_getBalance
[2023/05/11 13:45:34.401] - eth_getTransactionCount
[2023/05/11 13:45:34.404] - eth_getBalance
[2023/05/11 13:45:34.408] - eth_getTransactionCount
[2023/05/11 13:45:34.412] - eth_getBalance
[2023/05/11 13:45:34.415] - eth_getTransactionCount
[2023/05/11 13:45:34.418] - eth_getBalance
[2023/05/11 13:45:34.421] - eth_getTransactionCount
[2023/05/11 13:45:34.424] - eth_getBalance
[2023/05/11 13:45:34.427] - eth_getTransactionCount
[2023/05/11 13:45:34.437] - eth_getBalance
[2023/05/11 13:45:34.439] - eth_getTransactionCount
[2023/05/11 13:45:34.441] - eth_getBalance
[2023/05/11 13:45:34.445] - eth_getTransactionCount
[2023/05/11 13:45:34.448] - eth_getBalance
[2023/05/11 13:45:34.451] - eth_getTransactionCount
[2023/05/11 13:45:34.453] - eth_getBalance
[2023/05/11 13:45:34.456] - eth_getTransactionCount
[2023/05/11 13:45:34.459] - eth_getBalance
[2023/05/11 13:45:34.462] - eth_getTransactionCount
[2023/05/11 13:45:34.466] - eth_getBalance
[2023/05/11 13:45:34.468] - eth_getTransactionCount
[2023/05/11 13:45:34.470] - eth_getBalance
[2023/05/11 13:45:34.473] - eth_getTransactionCount
[2023/05/11 13:45:34.477] - eth_getBalance
[2023/05/11 13:45:34.479] - eth_getTransactionCount
[2023/05/11 13:45:34.483] - eth_getBalance
[2023/05/11 13:45:34.486] - eth_getTransactionCount
[2023/05/11 13:45:34.488] - eth_getBalance
[2023/05/11 13:45:34.491] - eth_getTransactionCount
[2023/05/11 13:45:34.493] - eth_getBalance
[2023/05/11 13:45:34.496] - eth_getTransactionCount
[2023/05/11 13:45:34.499] - eth_getBalance
[2023/05/11 13:45:34.502] - eth_getTransactionCount
[2023/05/11 13:45:34.504] - eth_getBalance
[2023/05/11 13:45:34.507] - eth_getTransactionCount
[2023/05/11 13:45:34.510] - eth_getBalance
[2023/05/11 13:45:34.513] - eth_getTransactionCount
[2023/05/11 13:45:34.516] - eth_getBalance
[2023/05/11 13:45:34.522] - eth_getTransactionCount
[2023/05/11 13:45:34.525] - eth_getBalance
[2023/05/11 13:45:34.528] - eth_getTransactionCount
[2023/05/11 13:45:34.531] - eth_getBalance
[2023/05/11 13:45:34.534] - eth_getTransactionCount
[2023/05/11 13:45:34.538] - eth_getBalance
[2023/05/11 13:45:34.541] - eth_getTransactionCount
[2023/05/11 13:45:34.544] - eth_getBalance
[2023/05/11 13:45:34.546] - eth_getTransactionCount
[2023/05/11 13:45:34.549] - eth_getBalance
[2023/05/11 13:45:34.552] - eth_getTransactionCount
[2023/05/11 13:45:34.596] - eth_getBalance
[2023/05/11 13:45:34.599] - eth_getTransactionCount
[2023/05/11 13:45:34.602] - eth_getBalance
[2023/05/11 13:45:34.604] - eth_getTransactionCount
[2023/05/11 13:45:34.607] - eth_getBalance
[2023/05/11 13:45:34.609] - eth_getTransactionCount
[2023/05/11 13:45:34.612] - eth_getBalance
[2023/05/11 13:45:34.615] - eth_getTransactionCount
[2023/05/11 13:45:34.618] - eth_getBalance
[2023/05/11 13:45:34.622] - eth_getTransactionCount
[2023/05/11 13:45:34.624] - eth_getBalance
[2023/05/11 13:45:34.627] - eth_getTransactionCount
[2023/05/11 13:45:34.630] - eth_getBalance
[2023/05/11 13:45:34.632] - eth_getTransactionCount
[2023/05/11 13:45:34.635] - eth_getBalance
[2023/05/11 13:45:34.637] - eth_getTransactionCount
[2023/05/11 13:45:34.641] - eth_getBalance
[2023/05/11 13:45:34.643] - eth_getTransactionCount
[2023/05/11 13:45:34.645] - eth_getBalance
[2023/05/11 13:45:34.647] - eth_getTransactionCount
[2023/05/11 13:47:34.192] - eth_getBlockByNumber
[2023/05/11 13:47:34.212] - eth_getLogs
[2023/05/11 13:47:35.730] - eth_getBlockByNumber
[2023/05/11 13:47:36.653] - eth_getBlockTransactionCountByHash
[2023/05/11 13:48:04.655] - eth_unsubscribe
[2023/05/11 13:48:04.658] - eth_unsubscribe
